QuestaSim-64 vlog 10.7c Compiler 2018.08 Aug 17 2018
Start time: 13:12:16 on Jan 22,2025
vlog -f filelist_com.f -f filelist_vsim.f -f filelist_tb.f -l ./log/vlogt.log 
-- Compiling package uvm_pkg
-- Compiling package uart_test_top_sv_unit
** Warning: ../src/uart_sw_monitor.sv(29): (vlog-2727) One of implicit coverpoints at line '29' is a duplicate of the explicitly declared coverpoint 'DATA_BIT_NUM' at line '25'. The coverage score may be skewed as a result.
** Warning: ../src/uart_sw_monitor.sv(29): (vlog-2727) One of implicit coverpoints at line '29' is a duplicate of the explicitly declared coverpoint 'STOP_BIT_NUM' at line '26'. The coverage score may be skewed as a result.
** Warning: ../src/uart_sw_monitor.sv(29): (vlog-2727) One of implicit coverpoints at line '29' is a duplicate of the explicitly declared coverpoint 'PARITY_TYPE' at line '27'. The coverage score may be skewed as a result.
** Warning: ../src/uart_sw_monitor.sv(29): (vlog-2727) One of implicit coverpoints at line '29' is a duplicate of the explicitly declared coverpoint 'PARITY_EN' at line '28'. The coverage score may be skewed as a result.
** Warning: ../src/uart_tx/uart_tx_sequence.sv(33): (vlog-2240) Treating stand-alone use of function 'randomize' as an implicit VOID cast.
** Warning: ../src/uart_sequence.sv(32): (vlog-2240) Treating stand-alone use of function 'randomize' as an implicit VOID cast.
** Warning: ../src/sw_seqs/uart_random_seq.sv(16): (vlog-2240) Treating stand-alone use of function 'randomize' as an implicit VOID cast.
** Warning: ../src/sw_seqs/uart_random_cfg_seq.sv(16): (vlog-2240) Treating stand-alone use of function 'randomize' as an implicit VOID cast.
-- Compiling interface uart_sw_intf
-- Compiling interface uart_rx_intf
-- Compiling interface uart_tx_intf
-- Compiling interface config_interface
-- Compiling module uart_test_top

Top level modules:
	uart_test_top
End time: 13:12:17 on Jan 22,2025, Elapsed time: 0:00:01
Errors: 0, Warnings: 8
